<?xml version="1.0" encoding="UTF-8"?>
<testsuite name="com.userregistration.PasswordValidationTest" tests="6" skipped="0" failures="0" errors="0" timestamp="2019-11-23T13:27:36" hostname="admin1-desktop" time="0.002">
  <properties/>
  <testcase name="checkPasswordValidOrNot[0]" classname="com.userregistration.PasswordValidationTest" time="0.0"/>
  <testcase name="checkPasswordValidOrNot[1]" classname="com.userregistration.PasswordValidationTest" time="0.0"/>
  <testcase name="checkPasswordValidOrNot[2]" classname="com.userregistration.PasswordValidationTest" time="0.001"/>
  <testcase name="checkPasswordValidOrNot[3]" classname="com.userregistration.PasswordValidationTest" time="0.0"/>
  <testcase name="checkPasswordValidOrNot[4]" classname="com.userregistration.PasswordValidationTest" time="0.0"/>
  <testcase name="checkPasswordValidOrNot[5]" classname="com.userregistration.PasswordValidationTest" time="0.0"/>
  <system-out><![CDATA[]]></system-out>
  <system-err><![CDATA[]]></system-err>
</testsuite>
